<?xml version="1.0" encoding="UTF-8"?>
<!-- Generated by org.testng.reporters.JUnitReportReporter -->
<testsuite hostname="zhaojunbaodeMacBook-Pro.local" name="example.TestNg" tests="2" failures="0" timestamp="14 Aug 2017 05:36:47 GMT" time="4.989" errors="0">
  <testcase name="testEasy" time="4.987" classname="example.TestNg"/>
  <testcase name="testFail" time="0.002" classname="example.TestNg"/>
</testsuite> <!-- example.TestNg -->
