<?xml version="1.0" encoding="UTF-8"?>
<!-- Generated by org.testng.reporters.JUnitReportReporter -->
<testsuite hostname="zhaojunbaodeMacBook-Pro.local" name="example.TestNg" tests="2" failures="0" timestamp="14 Aug 2017 05:31:31 GMT" time="5.312" errors="0">
  <testcase name="testEasy" time="5.309" classname="example.TestNg"/>
  <testcase name="testFail" time="0.003" classname="example.TestNg"/>
</testsuite> <!-- example.TestNg -->
