<?xml version="1.0" encoding="UTF-8"?>
<!-- Generated by org.testng.reporters.JUnitReportReporter -->
<testsuite hostname="zhaojunbaodeMacBook-Pro.local" name="example.TestNg" tests="2" failures="0" timestamp="14 Aug 2017 05:32:09 GMT" time="5.016" errors="0">
  <testcase name="testEasy" time="5.016" classname="example.TestNg"/>
  <testcase name="testFail" time="0.000" classname="example.TestNg"/>
</testsuite> <!-- example.TestNg -->
